2018-11-09 16:57:11,361 [http-bio-8081-exec-4] [org.springframework.web.servlet.DispatcherServlet]-[DEBUG] Last-Modified value for [/rest/item/info/154167103803396] is: -1
2018-11-09 16:57:11,363 [http-bio-8081-exec-4] [org.springframework.web.servlet.mvc.method.annotation.ResponseBodyAdviceChain]-[DEBUG] Invoking ResponseBodyAdvice chain for body=com.taotao.common.pojo.TaotaoResult@3268b006
2018-11-09 16:57:11,364 [http-bio-8081-exec-4] [org.springframework.web.servlet.mvc.method.annotation.ResponseBodyAdviceChain]-[DEBUG] After ResponseBodyAdvice chain body=com.taotao.common.pojo.TaotaoResult@3268b006
2018-11-09 16:57:11,365 [http-bio-8081-exec-4] [org.springframework.web.servlet.mvc.method.annotation.RequestResponseBodyMethodProcessor]-[DEBUG] Written [com.taotao.common.pojo.TaotaoResult@3268b006] as "application/json;charset=UTF-8" using [org.springframework.http.converter.json.MappingJackson2HttpMessageConverter@42bf6df5]
2018-11-09 16:57:11,365 [http-bio-8081-exec-4] [org.springframework.web.servlet.DispatcherServlet]-[DEBUG] Null ModelAndView returned to DispatcherServlet with name 'taotao-manager': assuming HandlerAdapter completed request handling
2018-11-09 16:57:11,365 [http-bio-8081-exec-4] [org.springframework.web.servlet.DispatcherServlet]-[DEBUG] Successfully completed request
2018-11-09 16:57:12,927 [http-bio-8081-exec-3] [org.springframework.web.servlet.DispatcherServlet]-[DEBUG] DispatcherServlet with name 'taotao-manager' processing GET request for [/rest/item/info/154167103803396]
2018-11-09 16:57:12,927 [http-bio-8081-exec-3] [org.springframework.web.servlet.mvc.method.annotation.RequestMappingHandlerMapping]-[DEBUG] Looking up handler method for path /item/info/154167103803396
2018-11-09 16:57:12,929 [http-bio-8081-exec-3] [org.springframework.web.servlet.mvc.method.annotation.RequestMappingHandlerMapping]-[DEBUG] Returning handler method [public com.taotao.common.pojo.TaotaoResult com.taotao.rest.controller.ItemController.getItemBaseInfo(java.lang.Long)]
2018-11-09 16:57:12,929 [http-bio-8081-exec-3] [org.springframework.beans.factory.support.DefaultListableBeanFactory]-[DEBUG] Returning cached instance of singleton bean 'itemController'
2018-11-09 16:57:12,929 [http-bio-8081-exec-3] [org.springframework.web.servlet.DispatcherServlet]-[DEBUG] Last-Modified value for [/rest/item/info/154167103803396] is: -1
2018-11-09 16:57:12,939 [http-bio-8081-exec-3] [org.springframework.web.servlet.mvc.method.annotation.ResponseBodyAdviceChain]-[DEBUG] Invoking ResponseBodyAdvice chain for body=com.taotao.common.pojo.TaotaoResult@7583283a
2018-11-09 16:57:12,939 [http-bio-8081-exec-3] [org.springframework.web.servlet.mvc.method.annotation.ResponseBodyAdviceChain]-[DEBUG] After ResponseBodyAdvice chain body=com.taotao.common.pojo.TaotaoResult@7583283a
2018-11-09 16:57:12,940 [http-bio-8081-exec-3] [org.springframework.web.servlet.mvc.method.annotation.RequestResponseBodyMethodProcessor]-[DEBUG] Written [com.taotao.common.pojo.TaotaoResult@7583283a] as "application/json;charset=UTF-8" using [org.springframework.http.converter.json.MappingJackson2HttpMessageConverter@42bf6df5]
2018-11-09 16:57:12,940 [http-bio-8081-exec-3] [org.springframework.web.servlet.DispatcherServlet]-[DEBUG] Null ModelAndView returned to DispatcherServlet with name 'taotao-manager': assuming HandlerAdapter completed request handling
2018-11-09 16:57:12,940 [http-bio-8081-exec-3] [org.springframework.web.servlet.DispatcherServlet]-[DEBUG] Successfully completed request
2018-11-09 16:57:14,921 [http-bio-8081-exec-1] [org.springframework.web.servlet.DispatcherServlet]-[DEBUG] DispatcherServlet with name 'taotao-manager' processing GET request for [/rest/item/desc/154167103803396]
2018-11-09 16:57:14,921 [http-bio-8081-exec-1] [org.springframework.web.servlet.mvc.method.annotation.RequestMappingHandlerMapping]-[DEBUG] Looking up handler method for path /item/desc/154167103803396
2018-11-09 16:57:14,922 [http-bio-8081-exec-1] [org.springframework.web.servlet.mvc.method.annotation.RequestMappingHandlerMapping]-[DEBUG] Returning handler method [public com.taotao.common.pojo.TaotaoResult com.taotao.rest.controller.ItemController.getItemDesc(java.lang.Long)]
2018-11-09 16:57:14,922 [http-bio-8081-exec-1] [org.springframework.beans.factory.support.DefaultListableBeanFactory]-[DEBUG] Returning cached instance of singleton bean 'itemController'
2018-11-09 16:57:14,923 [http-bio-8081-exec-1] [org.springframework.web.servlet.DispatcherServlet]-[DEBUG] Last-Modified value for [/rest/item/desc/154167103803396] is: -1
2018-11-09 16:57:14,929 [http-bio-8081-exec-1] [org.springframework.web.servlet.mvc.method.annotation.ResponseBodyAdviceChain]-[DEBUG] Invoking ResponseBodyAdvice chain for body=com.taotao.common.pojo.TaotaoResult@5bd05a91
2018-11-09 16:57:14,929 [http-bio-8081-exec-1] [org.springframework.web.servlet.mvc.method.annotation.ResponseBodyAdviceChain]-[DEBUG] After ResponseBodyAdvice chain body=com.taotao.common.pojo.TaotaoResult@5bd05a91
2018-11-09 16:57:14,930 [http-bio-8081-exec-1] [org.springframework.web.servlet.mvc.method.annotation.RequestResponseBodyMethodProcessor]-[DEBUG] Written [com.taotao.common.pojo.TaotaoResult@5bd05a91] as "application/json;charset=UTF-8" using [org.springframework.http.converter.json.MappingJackson2HttpMessageConverter@42bf6df5]
2018-11-09 16:57:14,931 [http-bio-8081-exec-1] [org.springframework.web.servlet.DispatcherServlet]-[DEBUG] Null ModelAndView returned to DispatcherServlet with name 'taotao-manager': assuming HandlerAdapter completed request handling
2018-11-09 16:57:14,931 [http-bio-8081-exec-1] [org.springframework.web.servlet.DispatcherServlet]-[DEBUG] Successfully completed request
2018-11-09 16:58:13,331 [http-bio-8081-exec-9] [org.springframework.web.servlet.DispatcherServlet]-[DEBUG] DispatcherServlet with name 'taotao-manager' processing GET request for [/rest/item/info/143771131488369]
2018-11-09 16:58:13,331 [http-bio-8081-exec-9] [org.springframework.web.servlet.mvc.method.annotation.RequestMappingHandlerMapping]-[DEBUG] Looking up handler method for path /item/info/143771131488369
2018-11-09 16:58:13,332 [http-bio-8081-exec-9] [org.springframework.web.servlet.mvc.method.annotation.RequestMappingHandlerMapping]-[DEBUG] Returning handler method [public com.taotao.common.pojo.TaotaoResult com.taotao.rest.controller.ItemController.getItemBaseInfo(java.lang.Long)]
2018-11-09 16:58:13,332 [http-bio-8081-exec-9] [org.springframework.beans.factory.support.DefaultListableBeanFactory]-[DEBUG] Returning cached instance of singleton bean 'itemController'
2018-11-09 16:58:13,333 [http-bio-8081-exec-9] [org.springframework.web.servlet.DispatcherServlet]-[DEBUG] Last-Modified value for [/rest/item/info/143771131488369] is: -1
2018-11-09 16:58:13,341 [http-bio-8081-exec-9] [org.springframework.web.servlet.mvc.method.annotation.ResponseBodyAdviceChain]-[DEBUG] Invoking ResponseBodyAdvice chain for body=com.taotao.common.pojo.TaotaoResult@29277793
2018-11-09 16:58:13,341 [http-bio-8081-exec-9] [org.springframework.web.servlet.mvc.method.annotation.ResponseBodyAdviceChain]-[DEBUG] After ResponseBodyAdvice chain body=com.taotao.common.pojo.TaotaoResult@29277793
2018-11-09 16:58:13,342 [http-bio-8081-exec-9] [org.springframework.web.servlet.mvc.method.annotation.RequestResponseBodyMethodProcessor]-[DEBUG] Written [com.taotao.common.pojo.TaotaoResult@29277793] as "application/json;charset=UTF-8" using [org.springframework.http.converter.json.MappingJackson2HttpMessageConverter@42bf6df5]
2018-11-09 16:58:13,343 [http-bio-8081-exec-9] [org.springframework.web.servlet.DispatcherServlet]-[DEBUG] Null ModelAndView returned to DispatcherServlet with name 'taotao-manager': assuming HandlerAdapter completed request handling
2018-11-09 16:58:13,343 [http-bio-8081-exec-9] [org.springframework.web.servlet.DispatcherServlet]-[DEBUG] Successfully completed request
2018-11-09 16:58:15,674 [http-bio-8081-exec-10] [org.springframework.web.servlet.DispatcherServlet]-[DEBUG] DispatcherServlet with name 'taotao-manager' processing GET request for [/rest/item/desc/143771131488369]
2018-11-09 16:58:15,674 [http-bio-8081-exec-10] [org.springframework.web.servlet.mvc.method.annotation.RequestMappingHandlerMapping]-[DEBUG] Looking up handler method for path /item/desc/143771131488369
2018-11-09 16:58:15,675 [http-bio-8081-exec-10] [org.springframework.web.servlet.mvc.method.annotation.RequestMappingHandlerMapping]-[DEBUG] Returning handler method [public com.taotao.common.pojo.TaotaoResult com.taotao.rest.controller.ItemController.getItemDesc(java.lang.Long)]
2018-11-09 16:58:15,675 [http-bio-8081-exec-10] [org.springframework.beans.factory.support.DefaultListableBeanFactory]-[DEBUG] Returning cached instance of singleton bean 'itemController'
2018-11-09 16:58:15,675 [http-bio-8081-exec-10] [org.springframework.web.servlet.DispatcherServlet]-[DEBUG] Last-Modified value for [/rest/item/desc/143771131488369] is: -1
2018-11-09 16:58:15,679 [http-bio-8081-exec-10] [org.springframework.web.servlet.mvc.method.annotation.ResponseBodyAdviceChain]-[DEBUG] Invoking ResponseBodyAdvice chain for body=com.taotao.common.pojo.TaotaoResult@65a989fc
2018-11-09 16:58:15,680 [http-bio-8081-exec-10] [org.springframework.web.servlet.mvc.method.annotation.ResponseBodyAdviceChain]-[DEBUG] After ResponseBodyAdvice chain body=com.taotao.common.pojo.TaotaoResult@65a989fc
2018-11-09 16:58:15,681 [http-bio-8081-exec-10] [org.springframework.web.servlet.mvc.method.annotation.RequestResponseBodyMethodProcessor]-[DEBUG] Written [com.taotao.common.pojo.TaotaoResult@65a989fc] as "application/json;charset=UTF-8" using [org.springframework.http.converter.json.MappingJackson2HttpMessageConverter@42bf6df5]
2018-11-09 16:58:15,681 [http-bio-8081-exec-10] [org.springframework.web.servlet.DispatcherServlet]-[DEBUG] Null ModelAndView returned to DispatcherServlet with name 'taotao-manager': assuming HandlerAdapter completed request handling
2018-11-09 16:58:15,681 [http-bio-8081-exec-10] [org.springframework.web.servlet.DispatcherServlet]-[DEBUG] Successfully completed request
2018-11-09 17:27:26,446 [http-bio-8081-exec-8] [org.springframework.web.servlet.DispatcherServlet]-[DEBUG] DispatcherServlet with name 'taotao-manager' processing GET request for [/rest/item/info/154167103803396]
2018-11-09 17:27:26,451 [http-bio-8081-exec-8] [org.springframework.web.servlet.mvc.method.annotation.RequestMappingHandlerMapping]-[DEBUG] Looking up handler method for path /item/info/154167103803396
2018-11-09 17:27:26,467 [http-bio-8081-exec-8] [org.springframework.web.servlet.mvc.method.annotation.RequestMappingHandlerMapping]-[DEBUG] Returning handler method [public com.taotao.common.pojo.TaotaoResult com.taotao.rest.controller.ItemController.getItemBaseInfo(java.lang.Long)]
2018-11-09 17:27:26,468 [http-bio-8081-exec-8] [org.springframework.beans.factory.support.DefaultListableBeanFactory]-[DEBUG] Returning cached instance of singleton bean 'itemController'
2018-11-09 17:27:26,470 [http-bio-8081-exec-8] [org.springframework.web.servlet.DispatcherServlet]-[DEBUG] Last-Modified value for [/rest/item/info/154167103803396] is: -1
2018-11-09 17:27:26,628 [http-bio-8081-exec-8] [org.springframework.web.servlet.mvc.method.annotation.ResponseBodyAdviceChain]-[DEBUG] Invoking ResponseBodyAdvice chain for body=com.taotao.common.pojo.TaotaoResult@43560e07
2018-11-09 17:27:26,629 [http-bio-8081-exec-8] [org.springframework.web.servlet.mvc.method.annotation.ResponseBodyAdviceChain]-[DEBUG] After ResponseBodyAdvice chain body=com.taotao.common.pojo.TaotaoResult@43560e07
2018-11-09 17:27:26,637 [http-bio-8081-exec-8] [org.springframework.web.servlet.mvc.method.annotation.RequestResponseBodyMethodProcessor]-[DEBUG] Written [com.taotao.common.pojo.TaotaoResult@43560e07] as "application/json;charset=UTF-8" using [org.springframework.http.converter.json.MappingJackson2HttpMessageConverter@42bf6df5]
2018-11-09 17:27:26,637 [http-bio-8081-exec-8] [org.springframework.web.servlet.DispatcherServlet]-[DEBUG] Null ModelAndView returned to DispatcherServlet with name 'taotao-manager': assuming HandlerAdapter completed request handling
2018-11-09 17:27:26,637 [http-bio-8081-exec-8] [org.springframework.web.servlet.DispatcherServlet]-[DEBUG] Successfully completed request
2018-11-09 17:27:30,043 [http-bio-8081-exec-2] [org.springframework.web.servlet.DispatcherServlet]-[DEBUG] DispatcherServlet with name 'taotao-manager' processing GET request for [/rest/item/desc/154167103803396]
2018-11-09 17:27:30,043 [http-bio-8081-exec-2] [org.springframework.web.servlet.mvc.method.annotation.RequestMappingHandlerMapping]-[DEBUG] Looking up handler method for path /item/desc/154167103803396
2018-11-09 17:27:30,046 [http-bio-8081-exec-2] [org.springframework.web.servlet.mvc.method.annotation.RequestMappingHandlerMapping]-[DEBUG] Returning handler method [public com.taotao.common.pojo.TaotaoResult com.taotao.rest.controller.ItemController.getItemDesc(java.lang.Long)]
2018-11-09 17:27:30,046 [http-bio-8081-exec-2] [org.springframework.beans.factory.support.DefaultListableBeanFactory]-[DEBUG] Returning cached instance of singleton bean 'itemController'
2018-11-09 17:27:30,046 [http-bio-8081-exec-2] [org.springframework.web.servlet.DispatcherServlet]-[DEBUG] Last-Modified value for [/rest/item/desc/154167103803396] is: -1
2018-11-09 17:27:30,057 [http-bio-8081-exec-2] [org.springframework.web.servlet.mvc.method.annotation.ResponseBodyAdviceChain]-[DEBUG] Invoking ResponseBodyAdvice chain for body=com.taotao.common.pojo.TaotaoResult@7e358e4e
2018-11-09 17:27:30,057 [http-bio-8081-exec-2] [org.springframework.web.servlet.mvc.method.annotation.ResponseBodyAdviceChain]-[DEBUG] After ResponseBodyAdvice chain body=com.taotao.common.pojo.TaotaoResult@7e358e4e
2018-11-09 17:27:30,058 [http-bio-8081-exec-2] [org.springframework.web.servlet.mvc.method.annotation.RequestResponseBodyMethodProcessor]-[DEBUG] Written [com.taotao.common.pojo.TaotaoResult@7e358e4e] as "application/json;charset=UTF-8" using [org.springframework.http.converter.json.MappingJackson2HttpMessageConverter@42bf6df5]
2018-11-09 17:27:30,059 [http-bio-8081-exec-2] [org.springframework.web.servlet.DispatcherServlet]-[DEBUG] Null ModelAndView returned to DispatcherServlet with name 'taotao-manager': assuming HandlerAdapter completed request handling
2018-11-09 17:27:30,059 [http-bio-8081-exec-2] [org.springframework.web.servlet.DispatcherServlet]-[DEBUG] Successfully completed request
2018-11-09 17:27:32,825 [http-bio-8081-exec-5] [org.springframework.web.servlet.DispatcherServlet]-[DEBUG] DispatcherServlet with name 'taotao-manager' processing GET request for [/rest/item/info/154167103803396]
2018-11-09 17:27:32,826 [http-bio-8081-exec-5] [org.springframework.web.servlet.mvc.method.annotation.RequestMappingHandlerMapping]-[DEBUG] Looking up handler method for path /item/info/154167103803396
2018-11-09 17:27:32,826 [http-bio-8081-exec-5] [org.springframework.web.servlet.mvc.method.annotation.RequestMappingHandlerMapping]-[DEBUG] Returning handler method [public com.taotao.common.pojo.TaotaoResult com.taotao.rest.controller.ItemController.getItemBaseInfo(java.lang.Long)]
2018-11-09 17:27:32,826 [http-bio-8081-exec-5] [org.springframework.beans.factory.support.DefaultListableBeanFactory]-[DEBUG] Returning cached instance of singleton bean 'itemController'
2018-11-09 17:27:32,826 [http-bio-8081-exec-5] [org.springframework.web.servlet.DispatcherServlet]-[DEBUG] Last-Modified value for [/rest/item/info/154167103803396] is: -1
2018-11-09 17:27:32,833 [http-bio-8081-exec-5] [org.springframework.web.servlet.mvc.method.annotation.ResponseBodyAdviceChain]-[DEBUG] Invoking ResponseBodyAdvice chain for body=com.taotao.common.pojo.TaotaoResult@3ca6f4d1
2018-11-09 17:27:32,833 [http-bio-8081-exec-5] [org.springframework.web.servlet.mvc.method.annotation.ResponseBodyAdviceChain]-[DEBUG] After ResponseBodyAdvice chain body=com.taotao.common.pojo.TaotaoResult@3ca6f4d1
2018-11-09 17:27:32,906 [http-bio-8081-exec-5] [org.springframework.web.servlet.mvc.method.annotation.RequestResponseBodyMethodProcessor]-[DEBUG] Written [com.taotao.common.pojo.TaotaoResult@3ca6f4d1] as "application/json;charset=UTF-8" using [org.springframework.http.converter.json.MappingJackson2HttpMessageConverter@42bf6df5]
2018-11-09 17:27:32,907 [http-bio-8081-exec-5] [org.springframework.web.servlet.DispatcherServlet]-[DEBUG] Null ModelAndView returned to DispatcherServlet with name 'taotao-manager': assuming HandlerAdapter completed request handling
2018-11-09 17:27:32,907 [http-bio-8081-exec-5] [org.springframework.web.servlet.DispatcherServlet]-[DEBUG] Successfully completed request
2018-11-09 17:29:48,035 [http-bio-8081-exec-6] [org.springframework.web.servlet.DispatcherServlet]-[DEBUG] DispatcherServlet with name 'taotao-manager' processing GET request for [/rest/content/list/89]
2018-11-09 17:29:48,037 [http-bio-8081-exec-6] [org.springframework.web.servlet.mvc.method.annotation.RequestMappingHandlerMapping]-[DEBUG] Looking up handler method for path /content/list/89
2018-11-09 17:29:48,045 [http-bio-8081-exec-6] [org.springframework.web.servlet.mvc.method.annotation.RequestMappingHandlerMapping]-[DEBUG] Returning handler method [public com.taotao.common.pojo.TaotaoResult com.taotao.rest.controller.ContentController.getContentList(java.lang.Long)]
2018-11-09 17:29:48,045 [http-bio-8081-exec-6] [org.springframework.beans.factory.support.DefaultListableBeanFactory]-[DEBUG] Returning cached instance of singleton bean 'contentController'
2018-11-09 17:29:48,046 [http-bio-8081-exec-6] [org.springframework.web.servlet.DispatcherServlet]-[DEBUG] Last-Modified value for [/rest/content/list/89] is: -1
2018-11-09 17:29:48,143 [http-bio-8081-exec-6] [org.springframework.web.servlet.mvc.method.annotation.ResponseBodyAdviceChain]-[DEBUG] Invoking ResponseBodyAdvice chain for body=com.taotao.common.pojo.TaotaoResult@750884a5
2018-11-09 17:29:48,143 [http-bio-8081-exec-6] [org.springframework.web.servlet.mvc.method.annotation.ResponseBodyAdviceChain]-[DEBUG] After ResponseBodyAdvice chain body=com.taotao.common.pojo.TaotaoResult@750884a5
2018-11-09 17:29:48,148 [http-bio-8081-exec-6] [org.springframework.web.servlet.mvc.method.annotation.RequestResponseBodyMethodProcessor]-[DEBUG] Written [com.taotao.common.pojo.TaotaoResult@750884a5] as "application/json;charset=UTF-8" using [org.springframework.http.converter.json.MappingJackson2HttpMessageConverter@42bf6df5]
2018-11-09 17:29:48,148 [http-bio-8081-exec-6] [org.springframework.web.servlet.DispatcherServlet]-[DEBUG] Null ModelAndView returned to DispatcherServlet with name 'taotao-manager': assuming HandlerAdapter completed request handling
2018-11-09 17:29:48,149 [http-bio-8081-exec-6] [org.springframework.web.servlet.DispatcherServlet]-[DEBUG] Successfully completed request
2018-11-09 17:30:37,711 [http-bio-8081-exec-10] [org.springframework.web.servlet.DispatcherServlet]-[DEBUG] DispatcherServlet with name 'taotao-manager' processing GET request for [/rest/content/list/89]
2018-11-09 17:30:37,711 [http-bio-8081-exec-10] [org.springframework.web.servlet.mvc.method.annotation.RequestMappingHandlerMapping]-[DEBUG] Looking up handler method for path /content/list/89
2018-11-09 17:30:37,711 [http-bio-8081-exec-10] [org.springframework.web.servlet.mvc.method.annotation.RequestMappingHandlerMapping]-[DEBUG] Returning handler method [public com.taotao.common.pojo.TaotaoResult com.taotao.rest.controller.ContentController.getContentList(java.lang.Long)]
2018-11-09 17:30:37,711 [http-bio-8081-exec-10] [org.springframework.beans.factory.support.DefaultListableBeanFactory]-[DEBUG] Returning cached instance of singleton bean 'contentController'
2018-11-09 17:30:37,711 [http-bio-8081-exec-10] [org.springframework.web.servlet.DispatcherServlet]-[DEBUG] Last-Modified value for [/rest/content/list/89] is: -1
2018-11-09 17:30:37,768 [http-bio-8081-exec-10] [org.springframework.web.servlet.mvc.method.annotation.ResponseBodyAdviceChain]-[DEBUG] Invoking ResponseBodyAdvice chain for body=com.taotao.common.pojo.TaotaoResult@7cbc81c
2018-11-09 17:30:37,768 [http-bio-8081-exec-10] [org.springframework.web.servlet.mvc.method.annotation.ResponseBodyAdviceChain]-[DEBUG] After ResponseBodyAdvice chain body=com.taotao.common.pojo.TaotaoResult@7cbc81c
2018-11-09 17:30:37,770 [http-bio-8081-exec-10] [org.springframework.web.servlet.mvc.method.annotation.RequestResponseBodyMethodProcessor]-[DEBUG] Written [com.taotao.common.pojo.TaotaoResult@7cbc81c] as "application/json;charset=UTF-8" using [org.springframework.http.converter.json.MappingJackson2HttpMessageConverter@42bf6df5]
2018-11-09 17:30:37,770 [http-bio-8081-exec-10] [org.springframework.web.servlet.DispatcherServlet]-[DEBUG] Null ModelAndView returned to DispatcherServlet with name 'taotao-manager': assuming HandlerAdapter completed request handling
2018-11-09 17:30:37,770 [http-bio-8081-exec-10] [org.springframework.web.servlet.DispatcherServlet]-[DEBUG] Successfully completed request
2018-11-09 17:31:23,454 [http-bio-8081-exec-4] [org.springframework.web.servlet.DispatcherServlet]-[DEBUG] DispatcherServlet with name 'taotao-manager' processing GET request for [/rest/content/list/89]
2018-11-09 17:31:23,456 [http-bio-8081-exec-4] [org.springframework.web.servlet.mvc.method.annotation.RequestMappingHandlerMapping]-[DEBUG] Looking up handler method for path /content/list/89
2018-11-09 17:31:23,457 [http-bio-8081-exec-4] [org.springframework.web.servlet.mvc.method.annotation.RequestMappingHandlerMapping]-[DEBUG] Returning handler method [public com.taotao.common.pojo.TaotaoResult com.taotao.rest.controller.ContentController.getContentList(java.lang.Long)]
2018-11-09 17:31:23,457 [http-bio-8081-exec-4] [org.springframework.beans.factory.support.DefaultListableBeanFactory]-[DEBUG] Returning cached instance of singleton bean 'contentController'
2018-11-09 17:31:23,457 [http-bio-8081-exec-4] [org.springframework.web.servlet.DispatcherServlet]-[DEBUG] Last-Modified value for [/rest/content/list/89] is: -1
2018-11-09 17:31:23,472 [http-bio-8081-exec-4] [org.springframework.web.servlet.mvc.method.annotation.ResponseBodyAdviceChain]-[DEBUG] Invoking ResponseBodyAdvice chain for body=com.taotao.common.pojo.TaotaoResult@7e7a1a69
2018-11-09 17:31:23,472 [http-bio-8081-exec-4] [org.springframework.web.servlet.mvc.method.annotation.ResponseBodyAdviceChain]-[DEBUG] After ResponseBodyAdvice chain body=com.taotao.common.pojo.TaotaoResult@7e7a1a69
2018-11-09 17:31:23,474 [http-bio-8081-exec-4] [org.springframework.web.servlet.mvc.method.annotation.RequestResponseBodyMethodProcessor]-[DEBUG] Written [com.taotao.common.pojo.TaotaoResult@7e7a1a69] as "application/json;charset=UTF-8" using [org.springframework.http.converter.json.MappingJackson2HttpMessageConverter@42bf6df5]
2018-11-09 17:31:23,474 [http-bio-8081-exec-4] [org.springframework.web.servlet.DispatcherServlet]-[DEBUG] Null ModelAndView returned to DispatcherServlet with name 'taotao-manager': assuming HandlerAdapter completed request handling
2018-11-09 17:31:23,474 [http-bio-8081-exec-4] [org.springframework.web.servlet.DispatcherServlet]-[DEBUG] Successfully completed request
2018-11-09 17:31:58,974 [http-bio-8081-exec-3] [org.springframework.web.servlet.DispatcherServlet]-[DEBUG] DispatcherServlet with name 'taotao-manager' processing GET request for [/rest/item/info/154167103803396]
2018-11-09 17:31:58,974 [http-bio-8081-exec-3] [org.springframework.web.servlet.mvc.method.annotation.RequestMappingHandlerMapping]-[DEBUG] Looking up handler method for path /item/info/154167103803396
2018-11-09 17:31:58,975 [http-bio-8081-exec-3] [org.springframework.web.servlet.mvc.method.annotation.RequestMappingHandlerMapping]-[DEBUG] Returning handler method [public com.taotao.common.pojo.TaotaoResult com.taotao.rest.controller.ItemController.getItemBaseInfo(java.lang.Long)]
2018-11-09 17:31:58,975 [http-bio-8081-exec-3] [org.springframework.beans.factory.support.DefaultListableBeanFactory]-[DEBUG] Returning cached instance of singleton bean 'itemController'
2018-11-09 17:31:58,975 [http-bio-8081-exec-3] [org.springframework.web.servlet.DispatcherServlet]-[DEBUG] Last-Modified value for [/rest/item/info/154167103803396] is: -1
2018-11-09 17:31:58,979 [http-bio-8081-exec-3] [org.springframework.web.servlet.mvc.method.annotation.ResponseBodyAdviceChain]-[DEBUG] Invoking ResponseBodyAdvice chain for body=com.taotao.common.pojo.TaotaoResult@57d9c73b
2018-11-09 17:31:58,979 [http-bio-8081-exec-3] [org.springframework.web.servlet.mvc.method.annotation.ResponseBodyAdviceChain]-[DEBUG] After ResponseBodyAdvice chain body=com.taotao.common.pojo.TaotaoResult@57d9c73b
2018-11-09 17:31:58,984 [http-bio-8081-exec-3] [org.springframework.web.servlet.mvc.method.annotation.RequestResponseBodyMethodProcessor]-[DEBUG] Written [com.taotao.common.pojo.TaotaoResult@57d9c73b] as "application/json;charset=UTF-8" using [org.springframework.http.converter.json.MappingJackson2HttpMessageConverter@42bf6df5]
2018-11-09 17:31:58,984 [http-bio-8081-exec-3] [org.springframework.web.servlet.DispatcherServlet]-[DEBUG] Null ModelAndView returned to DispatcherServlet with name 'taotao-manager': assuming HandlerAdapter completed request handling
2018-11-09 17:31:58,984 [http-bio-8081-exec-3] [org.springframework.web.servlet.DispatcherServlet]-[DEBUG] Successfully completed request
2018-11-09 17:32:00,985 [http-bio-8081-exec-1] [org.springframework.web.servlet.DispatcherServlet]-[DEBUG] DispatcherServlet with name 'taotao-manager' processing GET request for [/rest/item/desc/154167103803396]
2018-11-09 17:32:00,986 [http-bio-8081-exec-1] [org.springframework.web.servlet.mvc.method.annotation.RequestMappingHandlerMapping]-[DEBUG] Looking up handler method for path /item/desc/154167103803396
2018-11-09 17:32:00,988 [http-bio-8081-exec-1] [org.springframework.web.servlet.mvc.method.annotation.RequestMappingHandlerMapping]-[DEBUG] Returning handler method [public com.taotao.common.pojo.TaotaoResult com.taotao.rest.controller.ItemController.getItemDesc(java.lang.Long)]
2018-11-09 17:32:00,989 [http-bio-8081-exec-1] [org.springframework.beans.factory.support.DefaultListableBeanFactory]-[DEBUG] Returning cached instance of singleton bean 'itemController'
2018-11-09 17:32:00,989 [http-bio-8081-exec-1] [org.springframework.web.servlet.DispatcherServlet]-[DEBUG] Last-Modified value for [/rest/item/desc/154167103803396] is: -1
2018-11-09 17:32:00,997 [http-bio-8081-exec-1] [org.springframework.web.servlet.mvc.method.annotation.ResponseBodyAdviceChain]-[DEBUG] Invoking ResponseBodyAdvice chain for body=com.taotao.common.pojo.TaotaoResult@96bcdaa
2018-11-09 17:32:00,999 [http-bio-8081-exec-1] [org.springframework.web.servlet.mvc.method.annotation.ResponseBodyAdviceChain]-[DEBUG] After ResponseBodyAdvice chain body=com.taotao.common.pojo.TaotaoResult@96bcdaa
2018-11-09 17:32:01,000 [http-bio-8081-exec-1] [org.springframework.web.servlet.mvc.method.annotation.RequestResponseBodyMethodProcessor]-[DEBUG] Written [com.taotao.common.pojo.TaotaoResult@96bcdaa] as "application/json;charset=UTF-8" using [org.springframework.http.converter.json.MappingJackson2HttpMessageConverter@42bf6df5]
2018-11-09 17:32:01,000 [http-bio-8081-exec-1] [org.springframework.web.servlet.DispatcherServlet]-[DEBUG] Null ModelAndView returned to DispatcherServlet with name 'taotao-manager': assuming HandlerAdapter completed request handling
2018-11-09 17:32:01,000 [http-bio-8081-exec-1] [org.springframework.web.servlet.DispatcherServlet]-[DEBUG] Successfully completed request
2018-11-09 17:32:02,062 [http-bio-8081-exec-6] [org.springframework.web.servlet.DispatcherServlet]-[DEBUG] DispatcherServlet with name 'taotao-manager' processing GET request for [/rest/item/info/154167103803396]
2018-11-09 17:32:02,062 [http-bio-8081-exec-6] [org.springframework.web.servlet.mvc.method.annotation.RequestMappingHandlerMapping]-[DEBUG] Looking up handler method for path /item/info/154167103803396
2018-11-09 17:32:02,067 [http-bio-8081-exec-6] [org.springframework.web.servlet.mvc.method.annotation.RequestMappingHandlerMapping]-[DEBUG] Returning handler method [public com.taotao.common.pojo.TaotaoResult com.taotao.rest.controller.ItemController.getItemBaseInfo(java.lang.Long)]
2018-11-09 17:32:02,069 [http-bio-8081-exec-6] [org.springframework.beans.factory.support.DefaultListableBeanFactory]-[DEBUG] Returning cached instance of singleton bean 'itemController'
2018-11-09 17:32:02,069 [http-bio-8081-exec-6] [org.springframework.web.servlet.DispatcherServlet]-[DEBUG] Last-Modified value for [/rest/item/info/154167103803396] is: -1
2018-11-09 17:32:02,089 [http-bio-8081-exec-6] [org.springframework.web.servlet.mvc.method.annotation.ResponseBodyAdviceChain]-[DEBUG] Invoking ResponseBodyAdvice chain for body=com.taotao.common.pojo.TaotaoResult@ee174fe
2018-11-09 17:32:02,089 [http-bio-8081-exec-6] [org.springframework.web.servlet.mvc.method.annotation.ResponseBodyAdviceChain]-[DEBUG] After ResponseBodyAdvice chain body=com.taotao.common.pojo.TaotaoResult@ee174fe
2018-11-09 17:32:02,097 [http-bio-8081-exec-6] [org.springframework.web.servlet.mvc.method.annotation.RequestResponseBodyMethodProcessor]-[DEBUG] Written [com.taotao.common.pojo.TaotaoResult@ee174fe] as "application/json;charset=UTF-8" using [org.springframework.http.converter.json.MappingJackson2HttpMessageConverter@42bf6df5]
2018-11-09 17:32:02,097 [http-bio-8081-exec-6] [org.springframework.web.servlet.DispatcherServlet]-[DEBUG] Null ModelAndView returned to DispatcherServlet with name 'taotao-manager': assuming HandlerAdapter completed request handling
2018-11-09 17:32:02,098 [http-bio-8081-exec-6] [org.springframework.web.servlet.DispatcherServlet]-[DEBUG] Successfully completed request
2018-11-09 17:32:06,595 [http-bio-8081-exec-10] [org.springframework.web.servlet.DispatcherServlet]-[DEBUG] DispatcherServlet with name 'taotao-manager' processing GET request for [/rest/item/desc/154167103803396]
2018-11-09 17:32:06,597 [http-bio-8081-exec-10] [org.springframework.web.servlet.mvc.method.annotation.RequestMappingHandlerMapping]-[DEBUG] Looking up handler method for path /item/desc/154167103803396
2018-11-09 17:32:06,597 [http-bio-8081-exec-10] [org.springframework.web.servlet.mvc.method.annotation.RequestMappingHandlerMapping]-[DEBUG] Returning handler method [public com.taotao.common.pojo.TaotaoResult com.taotao.rest.controller.ItemController.getItemDesc(java.lang.Long)]
2018-11-09 17:32:06,598 [http-bio-8081-exec-10] [org.springframework.beans.factory.support.DefaultListableBeanFactory]-[DEBUG] Returning cached instance of singleton bean 'itemController'
2018-11-09 17:32:06,598 [http-bio-8081-exec-10] [org.springframework.web.servlet.DispatcherServlet]-[DEBUG] Last-Modified value for [/rest/item/desc/154167103803396] is: -1
2018-11-09 17:32:06,602 [http-bio-8081-exec-10] [org.springframework.web.servlet.mvc.method.annotation.ResponseBodyAdviceChain]-[DEBUG] Invoking ResponseBodyAdvice chain for body=com.taotao.common.pojo.TaotaoResult@5623b5e8
2018-11-09 17:32:06,602 [http-bio-8081-exec-10] [org.springframework.web.servlet.mvc.method.annotation.ResponseBodyAdviceChain]-[DEBUG] After ResponseBodyAdvice chain body=com.taotao.common.pojo.TaotaoResult@5623b5e8
2018-11-09 17:32:06,603 [http-bio-8081-exec-10] [org.springframework.web.servlet.mvc.method.annotation.RequestResponseBodyMethodProcessor]-[DEBUG] Written [com.taotao.common.pojo.TaotaoResult@5623b5e8] as "application/json;charset=UTF-8" using [org.springframework.http.converter.json.MappingJackson2HttpMessageConverter@42bf6df5]
2018-11-09 17:32:06,604 [http-bio-8081-exec-10] [org.springframework.web.servlet.DispatcherServlet]-[DEBUG] Null ModelAndView returned to DispatcherServlet with name 'taotao-manager': assuming HandlerAdapter completed request handling
2018-11-09 17:32:06,604 [http-bio-8081-exec-10] [org.springframework.web.servlet.DispatcherServlet]-[DEBUG] Successfully completed request
2018-11-12 10:02:59,133 [http-bio-8081-exec-8] [org.springframework.web.servlet.DispatcherServlet]-[DEBUG] DispatcherServlet with name 'taotao-manager' processing GET request for [/rest/item/info/154167103803396]
2018-11-12 10:02:59,186 [http-bio-8081-exec-8] [org.springframework.web.servlet.mvc.method.annotation.RequestMappingHandlerMapping]-[DEBUG] Looking up handler method for path /item/info/154167103803396
2018-11-12 10:02:59,234 [http-bio-8081-exec-8] [org.springframework.web.servlet.mvc.method.annotation.RequestMappingHandlerMapping]-[DEBUG] Returning handler method [public com.taotao.common.pojo.TaotaoResult com.taotao.rest.controller.ItemController.getItemBaseInfo(java.lang.Long)]
2018-11-12 10:02:59,237 [http-bio-8081-exec-8] [org.springframework.beans.factory.support.DefaultListableBeanFactory]-[DEBUG] Returning cached instance of singleton bean 'itemController'
2018-11-12 10:02:59,244 [http-bio-8081-exec-8] [org.springframework.web.servlet.DispatcherServlet]-[DEBUG] Last-Modified value for [/rest/item/info/154167103803396] is: -1
2018-11-12 10:02:59,666 [http-bio-8081-exec-8] [org.mybatis.spring.SqlSessionUtils]-[DEBUG] Creating a new SqlSession
2018-11-12 10:02:59,691 [http-bio-8081-exec-8] [org.mybatis.spring.SqlSessionUtils]-[DEBUG] Registering transaction synchronization for SqlSession [org.apache.ibatis.session.defaults.DefaultSqlSession@29ede7b2]
2018-11-12 10:02:59,740 [http-bio-8081-exec-8] [org.springframework.jdbc.datasource.DataSourceUtils]-[DEBUG] Fetching JDBC Connection from DataSource
2018-11-12 10:03:00,201 [http-bio-8081-exec-8] [com.alibaba.druid.pool.DruidDataSource]-[DEBUG] skip not validate connection.
2018-11-12 10:03:00,520 [http-bio-8081-exec-8] [com.alibaba.druid.pool.DruidDataSource]-[DEBUG] skip not validate connection.
2018-11-12 10:03:00,968 [http-bio-8081-exec-8] [org.springframework.jdbc.datasource.DataSourceUtils]-[DEBUG] Registering transaction synchronization for JDBC Connection
2018-11-12 10:03:00,972 [http-bio-8081-exec-8] [org.mybatis.spring.transaction.SpringManagedTransaction]-[DEBUG] JDBC Connection [com.mysql.jdbc.JDBC4Connection@ea60c57] will be managed by Spring
2018-11-12 10:03:00,975 [http-bio-8081-exec-8] [com.taotao.mapper.TbItemMapper.selectByPrimaryKey]-[DEBUG] ==>  Preparing: select id, title, sell_point, price, num, barcode, image, cid, status, created, updated from tb_item where id = ? 
2018-11-12 10:03:00,997 [http-bio-8081-exec-8] [com.taotao.mapper.TbItemMapper.selectByPrimaryKey]-[DEBUG] ==> Parameters: 154167103803396(Long)
2018-11-12 10:03:01,098 [http-bio-8081-exec-8] [com.taotao.mapper.TbItemMapper.selectByPrimaryKey]-[DEBUG] <==      Total: 1
2018-11-12 10:03:01,108 [http-bio-8081-exec-8] [org.mybatis.spring.SqlSessionUtils]-[DEBUG] Releasing transactional SqlSession [org.apache.ibatis.session.defaults.DefaultSqlSession@29ede7b2]
2018-11-12 10:03:02,708 [http-bio-8081-exec-8] [org.mybatis.spring.SqlSessionUtils]-[DEBUG] Transaction synchronization deregistering SqlSession [org.apache.ibatis.session.defaults.DefaultSqlSession@29ede7b2]
2018-11-12 10:03:02,708 [http-bio-8081-exec-8] [org.mybatis.spring.SqlSessionUtils]-[DEBUG] Transaction synchronization closing SqlSession [org.apache.ibatis.session.defaults.DefaultSqlSession@29ede7b2]
2018-11-12 10:03:02,708 [http-bio-8081-exec-8] [org.springframework.jdbc.datasource.DataSourceUtils]-[DEBUG] Returning JDBC Connection to DataSource
2018-11-12 10:03:02,725 [http-bio-8081-exec-8] [org.springframework.web.servlet.mvc.method.annotation.ResponseBodyAdviceChain]-[DEBUG] Invoking ResponseBodyAdvice chain for body=com.taotao.common.pojo.TaotaoResult@22132e13
2018-11-12 10:03:02,727 [http-bio-8081-exec-8] [org.springframework.web.servlet.mvc.method.annotation.ResponseBodyAdviceChain]-[DEBUG] After ResponseBodyAdvice chain body=com.taotao.common.pojo.TaotaoResult@22132e13
2018-11-12 10:03:02,737 [http-bio-8081-exec-8] [org.springframework.web.servlet.mvc.method.annotation.RequestResponseBodyMethodProcessor]-[DEBUG] Written [com.taotao.common.pojo.TaotaoResult@22132e13] as "application/json;charset=UTF-8" using [org.springframework.http.converter.json.MappingJackson2HttpMessageConverter@42bf6df5]
2018-11-12 10:03:02,738 [http-bio-8081-exec-8] [org.springframework.web.servlet.DispatcherServlet]-[DEBUG] Null ModelAndView returned to DispatcherServlet with name 'taotao-manager': assuming HandlerAdapter completed request handling
2018-11-12 10:03:02,739 [http-bio-8081-exec-8] [org.springframework.web.servlet.DispatcherServlet]-[DEBUG] Successfully completed request
2018-11-12 10:03:05,720 [http-bio-8081-exec-2] [org.springframework.web.servlet.DispatcherServlet]-[DEBUG] DispatcherServlet with name 'taotao-manager' processing GET request for [/rest/item/desc/154167103803396]
2018-11-12 10:03:05,720 [http-bio-8081-exec-2] [org.springframework.web.servlet.mvc.method.annotation.RequestMappingHandlerMapping]-[DEBUG] Looking up handler method for path /item/desc/154167103803396
2018-11-12 10:03:05,721 [http-bio-8081-exec-2] [org.springframework.web.servlet.mvc.method.annotation.RequestMappingHandlerMapping]-[DEBUG] Returning handler method [public com.taotao.common.pojo.TaotaoResult com.taotao.rest.controller.ItemController.getItemDesc(java.lang.Long)]
2018-11-12 10:03:05,721 [http-bio-8081-exec-2] [org.springframework.beans.factory.support.DefaultListableBeanFactory]-[DEBUG] Returning cached instance of singleton bean 'itemController'
2018-11-12 10:03:05,721 [http-bio-8081-exec-2] [org.springframework.web.servlet.DispatcherServlet]-[DEBUG] Last-Modified value for [/rest/item/desc/154167103803396] is: -1
2018-11-12 10:03:05,725 [http-bio-8081-exec-2] [org.mybatis.spring.SqlSessionUtils]-[DEBUG] Creating a new SqlSession
2018-11-12 10:03:05,725 [http-bio-8081-exec-2] [org.mybatis.spring.SqlSessionUtils]-[DEBUG] Registering transaction synchronization for SqlSession [org.apache.ibatis.session.defaults.DefaultSqlSession@3b1d45b9]
2018-11-12 10:03:05,725 [http-bio-8081-exec-2] [org.springframework.jdbc.datasource.DataSourceUtils]-[DEBUG] Fetching JDBC Connection from DataSource
2018-11-12 10:03:05,725 [http-bio-8081-exec-2] [org.springframework.jdbc.datasource.DataSourceUtils]-[DEBUG] Registering transaction synchronization for JDBC Connection
2018-11-12 10:03:05,730 [http-bio-8081-exec-2] [org.mybatis.spring.transaction.SpringManagedTransaction]-[DEBUG] JDBC Connection [com.mysql.jdbc.JDBC4Connection@ea60c57] will be managed by Spring
2018-11-12 10:03:05,730 [http-bio-8081-exec-2] [com.taotao.mapper.TbItemDescMapper.selectByPrimaryKey]-[DEBUG] ==>  Preparing: select item_id, created, updated , item_desc from tb_item_desc where item_id = ? 
2018-11-12 10:03:05,732 [http-bio-8081-exec-2] [com.taotao.mapper.TbItemDescMapper.selectByPrimaryKey]-[DEBUG] ==> Parameters: 154167103803396(Long)
2018-11-12 10:03:05,746 [http-bio-8081-exec-2] [com.taotao.mapper.TbItemDescMapper.selectByPrimaryKey]-[DEBUG] <==      Total: 1
2018-11-12 10:03:05,746 [http-bio-8081-exec-2] [org.mybatis.spring.SqlSessionUtils]-[DEBUG] Releasing transactional SqlSession [org.apache.ibatis.session.defaults.DefaultSqlSession@3b1d45b9]
2018-11-12 10:03:05,955 [http-bio-8081-exec-2] [org.mybatis.spring.SqlSessionUtils]-[DEBUG] Transaction synchronization deregistering SqlSession [org.apache.ibatis.session.defaults.DefaultSqlSession@3b1d45b9]
2018-11-12 10:03:05,955 [http-bio-8081-exec-2] [org.mybatis.spring.SqlSessionUtils]-[DEBUG] Transaction synchronization closing SqlSession [org.apache.ibatis.session.defaults.DefaultSqlSession@3b1d45b9]
2018-11-12 10:03:05,955 [http-bio-8081-exec-2] [org.springframework.jdbc.datasource.DataSourceUtils]-[DEBUG] Returning JDBC Connection to DataSource
2018-11-12 10:03:05,957 [http-bio-8081-exec-2] [org.springframework.web.servlet.mvc.method.annotation.ResponseBodyAdviceChain]-[DEBUG] Invoking ResponseBodyAdvice chain for body=com.taotao.common.pojo.TaotaoResult@7b464fcf
2018-11-12 10:03:05,957 [http-bio-8081-exec-2] [org.springframework.web.servlet.mvc.method.annotation.ResponseBodyAdviceChain]-[DEBUG] After ResponseBodyAdvice chain body=com.taotao.common.pojo.TaotaoResult@7b464fcf
2018-11-12 10:03:05,960 [http-bio-8081-exec-2] [org.springframework.web.servlet.mvc.method.annotation.RequestResponseBodyMethodProcessor]-[DEBUG] Written [com.taotao.common.pojo.TaotaoResult@7b464fcf] as "application/json;charset=UTF-8" using [org.springframework.http.converter.json.MappingJackson2HttpMessageConverter@42bf6df5]
2018-11-12 10:03:05,960 [http-bio-8081-exec-2] [org.springframework.web.servlet.DispatcherServlet]-[DEBUG] Null ModelAndView returned to DispatcherServlet with name 'taotao-manager': assuming HandlerAdapter completed request handling
2018-11-12 10:03:05,960 [http-bio-8081-exec-2] [org.springframework.web.servlet.DispatcherServlet]-[DEBUG] Successfully completed request
